# JRE version: Java(TM) SE Runtime Environment (15.0.2+7) (build 15.0.2+7-27)
# Java VM: Java HotSpot(TM) 64-Bit Server VM (15.0.2+7-27, mixed mode, sharing, tiered, compressed oops, g1 gc, bsd-amd64)
GC Precious Log:
 CPUs: 16 total, 16 available
 Memory: 16384M
 Large Page Support: Disabled
 NUMA Support: Disabled
 Compressed Oops: Enabled (Zero based)
 Heap Region Size: 2M
 Heap Min Capacity: 8M
 Heap Initial Capacity: 256M
 Heap Max Capacity: 4G
 Pre-touch: Disabled
 Parallel Workers: 13
 Concurrent Workers: 3
 Concurrent Refinement Workers: 13
 Periodic GC: Disabled
Heap:
 garbage-first heap   total 92160K, used 39765K [0x0000000700000000, 0x0000000800000000)
  region size 2048K, 12 young (24576K), 3 survivors (6144K)
 Metaspace       used 36385K, capacity 38043K, committed 38272K, reserved 1083392K
  class space    used 4496K, capacity 5235K, committed 5248K, reserved 1048576K
GC Heap History (12 events):
Event: 0.529 GC heap before
{Heap before GC invocations=0 (full 0):
 garbage-first heap   total 266240K, used 22312K [0x0000000700000000, 0x0000000800000000)
  region size 2048K, 11 young (22528K), 0 survivors (0K)
 Metaspace       used 7884K, capacity 8106K, committed 8448K, reserved 1056768K
  class space    used 910K, capacity 973K, committed 1024K, reserved 1048576K
}
Event: 0.532 GC heap after
{Heap after GC invocations=1 (full 0):
 garbage-first heap   total 266240K, used 7474K [0x0000000700000000, 0x0000000800000000)
  region size 2048K, 2 young (4096K), 2 survivors (4096K)
 Metaspace       used 7884K, capacity 8106K, committed 8448K, reserved 1056768K
  class space    used 910K, capacity 973K, committed 1024K, reserved 1048576K
}
Event: 0.776 GC heap before
{Heap before GC invocations=1 (full 0):
 garbage-first heap   total 266240K, used 34098K [0x0000000700000000, 0x0000000800000000)
  region size 2048K, 15 young (30720K), 2 survivors (4096K)
 Metaspace       used 13759K, capacity 14084K, committed 14336K, reserved 1062912K
  class space    used 1655K, capacity 1758K, committed 1792K, reserved 1048576K
}
Event: 0.780 GC heap after
{Heap after GC invocations=2 (full 0):
 garbage-first heap   total 266240K, used 8999K [0x0000000700000000, 0x0000000800000000)
  region size 2048K, 1 young (2048K), 1 survivors (2048K)
 Metaspace       used 13759K, capacity 14084K, committed 14336K, reserved 1062912K
  class space    used 1655K, capacity 1758K, committed 1792K, reserved 1048576K
}
Event: 1.163 GC heap before
{Heap before GC invocations=2 (full 0):
 garbage-first heap   total 266240K, used 56103K [0x0000000700000000, 0x0000000800000000)
  region size 2048K, 25 young (51200K), 1 survivors (2048K)
 Metaspace       used 20518K, capacity 20843K, committed 21248K, reserved 1069056K
  class space    used 2335K, capacity 2473K, committed 2560K, reserved 1048576K
}
Event: 1.168 GC heap after
{Heap after GC invocations=3 (full 0):
 garbage-first heap   total 266240K, used 16201K [0x0000000700000000, 0x0000000800000000)
  region size 2048K, 4 young (8192K), 4 survivors (8192K)
 Metaspace       used 20518K, capacity 20843K, committed 21248K, reserved 1069056K
  class space    used 2335K, capacity 2473K, committed 2560K, reserved 1048576K
}
Event: 1.439 GC heap before
{Heap before GC invocations=4 (full 0):
 garbage-first heap   total 75776K, used 53065K [0x0000000700000000, 0x0000000800000000)
  region size 2048K, 22 young (45056K), 4 survivors (8192K)
 Metaspace       used 24565K, capacity 25529K, committed 25728K, reserved 1071104K
  class space    used 2892K, capacity 3344K, committed 3456K, reserved 1048576K
}
Event: 1.445 GC heap after
{Heap after GC invocations=5 (full 0):
 garbage-first heap   total 75776K, used 18659K [0x0000000700000000, 0x0000000800000000)
  region size 2048K, 3 young (6144K), 3 survivors (6144K)
 Metaspace       used 24565K, capacity 25529K, committed 25728K, reserved 1071104K
  class space    used 2892K, capacity 3344K, committed 3456K, reserved 1048576K
}
Event: 1.529 GC heap before
{Heap before GC invocations=6 (full 0):
 garbage-first heap   total 75776K, used 47331K [0x0000000700000000, 0x0000000800000000)
  region size 2048K, 18 young (36864K), 3 survivors (6144K)
 Metaspace       used 27144K, capacity 28205K, committed 28544K, reserved 1075200K
  class space    used 3215K, capacity 3642K, committed 3712K, reserved 1048576K
}
Event: 1.533 GC heap after
{Heap after GC invocations=7 (full 0):
 garbage-first heap   total 92160K, used 20905K [0x0000000700000000, 0x0000000800000000)
  region size 2048K, 2 young (4096K), 2 survivors (4096K)
 Metaspace       used 27144K, capacity 28205K, committed 28544K, reserved 1075200K
  class space    used 3215K, capacity 3642K, committed 3712K, reserved 1048576K
}
Event: 2.253 GC heap before
{Heap before GC invocations=7 (full 0):
 garbage-first heap   total 92160K, used 57769K [0x0000000700000000, 0x0000000800000000)
  region size 2048K, 21 young (43008K), 2 survivors (4096K)
 Metaspace       used 34120K, capacity 35585K, committed 35840K, reserved 1081344K
  class space    used 4189K, capacity 4810K, committed 4864K, reserved 1048576K
}
Event: 2.256 GC heap after
{Heap after GC invocations=8 (full 0):
 garbage-first heap   total 92160K, used 25429K [0x0000000700000000, 0x0000000800000000)
  region size 2048K, 3 young (6144K), 3 survivors (6144K)
 Metaspace       used 34120K, capacity 35585K, committed 35840K, reserved 1081344K
  class space    used 4189K, capacity 4810K, committed 4864K, reserved 1048576K
}

